*** Starting uWSGI 2.0.18-debian (32bit) on [Fri Jan 10 02:33:44 2020] ***
compiled with version: 8.2.0 on 10 February 2019 02:42:46
os: Linux-4.19.75-v7l+ #1270 SMP Tue Sep 24 18:51:41 BST 2019
nodename: raspberrypi
machine: armv7l
clock source: unix
pcre jit disabled
detected number of CPU cores: 4
current working directory: /home/lee/TYE
writing pidfile to uwsgi.pid
detected binary path: /usr/bin/uwsgi-core
uWSGI running as root, you can use --uid/--gid/--chroot options
*** WARNING: you are running uWSGI as root !!! (use the --uid flag) *** 
chdir() to /home/lee/TYE
your processes number limit is 29184
your memory page size is 4096 bytes
detected max file descriptor number: 1024
lock engine: pthread robust mutexes
thunder lock: disabled (you can enable it with --thunder-lock)
uWSGI running as root, you can use --uid/--gid/--chroot options
*** WARNING: you are running uWSGI as root !!! (use the --uid flag) *** 
uWSGI running as root, you can use --uid/--gid/--chroot options
*** WARNING: you are running uWSGI as root !!! (use the --uid flag) *** 
The -s/--socket option is missing and stdin is not a socket.
*** Starting uWSGI 2.0.18-debian (32bit) on [Fri Jan 10 02:34:56 2020] ***
compiled with version: 8.2.0 on 10 February 2019 02:42:46
os: Linux-4.19.75-v7l+ #1270 SMP Tue Sep 24 18:51:41 BST 2019
nodename: raspberrypi
machine: armv7l
clock source: unix
pcre jit disabled
detected number of CPU cores: 4
current working directory: /home/lee/TYE
writing pidfile to uwsgi.pid
detected binary path: /usr/bin/uwsgi-core
uWSGI running as root, you can use --uid/--gid/--chroot options
*** WARNING: you are running uWSGI as root !!! (use the --uid flag) *** 
chdir() to /home/lee/TYE
your processes number limit is 29184
your memory page size is 4096 bytes
detected max file descriptor number: 1024
lock engine: pthread robust mutexes
thunder lock: disabled (you can enable it with --thunder-lock)
uwsgi socket 0 bound to TCP address 0.0.0.0:8001 fd 3
uWSGI running as root, you can use --uid/--gid/--chroot options
*** WARNING: you are running uWSGI as root !!! (use the --uid flag) *** 
uWSGI running as root, you can use --uid/--gid/--chroot options
*** WARNING: you are running uWSGI as root !!! (use the --uid flag) *** 
your server socket listen backlog is limited to 100 connections
your mercy for graceful operations on workers is 60 seconds
mapped 322000 bytes (314 KB) for 4 cores
*** Operational MODE: preforking ***
*** no app loaded. going in full dynamic mode ***
uWSGI running as root, you can use --uid/--gid/--chroot options
*** WARNING: you are running uWSGI as root !!! (use the --uid flag) *** 
*** uWSGI is running in multiple interpreter mode ***
!!!!!!!!!!!!!! WARNING !!!!!!!!!!!!!!
no request plugin is loaded, you will not be able to manage requests.
you may need to install the package for your language of choice, or simply load it with --plugin.
!!!!!!!!!!! END OF WARNING !!!!!!!!!!
spawned uWSGI master process (pid: 1144)
spawned uWSGI worker 1 (pid: 1145, cores: 1)
spawned uWSGI worker 2 (pid: 1146, cores: 1)
spawned uWSGI worker 3 (pid: 1147, cores: 1)
spawned uWSGI worker 4 (pid: 1148, cores: 1)
invalid request block size: 21573 (max 4096)...skip
*** Starting uWSGI 2.0.18-debian (32bit) on [Fri Jan 10 02:36:12 2020] ***
compiled with version: 8.2.0 on 10 February 2019 02:42:46
os: Linux-4.19.75-v7l+ #1270 SMP Tue Sep 24 18:51:41 BST 2019
nodename: raspberrypi
machine: armv7l
clock source: unix
pcre jit disabled
detected number of CPU cores: 4
current working directory: /home/lee/TYE
writing pidfile to uwsgi.pid
detected binary path: /usr/bin/uwsgi-core
uWSGI running as root, you can use --uid/--gid/--chroot options
*** WARNING: you are running uWSGI as root !!! (use the --uid flag) *** 
chdir() to /home/lee/TYE
your processes number limit is 29184
your memory page size is 4096 bytes
detected max file descriptor number: 1024
lock engine: pthread robust mutexes
thunder lock: disabled (you can enable it with --thunder-lock)
probably another instance of uWSGI is running on the same address (127.0.0.1:8001).
bind(): Address already in use [core/socket.c line 769]
invalid request block size: 21573 (max 4096)...skip
*** Starting uWSGI 2.0.18-debian (32bit) on [Fri Jan 10 02:37:24 2020] ***
compiled with version: 8.2.0 on 10 February 2019 02:42:46
os: Linux-4.19.75-v7l+ #1270 SMP Tue Sep 24 18:51:41 BST 2019
nodename: raspberrypi
machine: armv7l
clock source: unix
pcre jit disabled
detected number of CPU cores: 4
current working directory: /home/lee/TYE
writing pidfile to uwsgi.pid
detected binary path: /usr/bin/uwsgi-core
uWSGI running as root, you can use --uid/--gid/--chroot options
*** WARNING: you are running uWSGI as root !!! (use the --uid flag) *** 
chdir() to /home/lee/TYE
your processes number limit is 29184
your memory page size is 4096 bytes
detected max file descriptor number: 1024
lock engine: pthread robust mutexes
thunder lock: disabled (you can enable it with --thunder-lock)
probably another instance of uWSGI is running on the same address (127.0.0.1:8001).
bind(): Address already in use [core/socket.c line 769]
...brutally killing workers...
Gracefully killing worker 4 (pid: 1148)...
worker 1 buried after 0 seconds
worker 2 buried after 0 seconds
worker 3 buried after 0 seconds
worker 4 buried after 0 seconds
binary reloading uWSGI...
chdir() to /home/lee/TYE
closing all non-uwsgi socket fds > 2 (max_fd = 1024)...
found fd 3 mapped to socket 0 (0.0.0.0:8001)
running /usr/bin/uwsgi-core
[uWSGI] getting INI configuration from uwsgi.ini
*** Starting uWSGI 2.0.18-debian (32bit) on [Fri Jan 10 02:38:09 2020] ***
compiled with version: 8.2.0 on 10 February 2019 02:42:46
os: Linux-4.19.75-v7l+ #1270 SMP Tue Sep 24 18:51:41 BST 2019
nodename: raspberrypi
machine: armv7l
clock source: unix
pcre jit disabled
detected number of CPU cores: 4
current working directory: /home/lee/TYE
detected binary path: /usr/bin/uwsgi-core
uWSGI running as root, you can use --uid/--gid/--chroot options
*** WARNING: you are running uWSGI as root !!! (use the --uid flag) *** 
chdir() to /home/lee/TYE
your processes number limit is 29184
your memory page size is 4096 bytes
detected max file descriptor number: 1024
lock engine: pthread robust mutexes
thunder lock: disabled (you can enable it with --thunder-lock)
uwsgi socket 0 bound to TCP address 127.0.0.1:8001 fd 3
uWSGI running as root, you can use --uid/--gid/--chroot options
*** WARNING: you are running uWSGI as root !!! (use the --uid flag) *** 
uWSGI running as root, you can use --uid/--gid/--chroot options
*** WARNING: you are running uWSGI as root !!! (use the --uid flag) *** 
your server socket listen backlog is limited to 100 connections
your mercy for graceful operations on workers is 60 seconds
mapped 322000 bytes (314 KB) for 4 cores
*** Operational MODE: preforking ***
*** no app loaded. going in full dynamic mode ***
uWSGI running as root, you can use --uid/--gid/--chroot options
*** WARNING: you are running uWSGI as root !!! (use the --uid flag) *** 
*** uWSGI is running in multiple interpreter mode ***
!!!!!!!!!!!!!! WARNING !!!!!!!!!!!!!!
no request plugin is loaded, you will not be able to manage requests.
you may need to install the package for your language of choice, or simply load it with --plugin.
!!!!!!!!!!! END OF WARNING !!!!!!!!!!
gracefully (RE)spawned uWSGI master process (pid: 1144)
spawned uWSGI worker 1 (pid: 1243, cores: 1)
spawned uWSGI worker 2 (pid: 1244, cores: 1)
spawned uWSGI worker 3 (pid: 1246, cores: 1)
spawned uWSGI worker 4 (pid: 1247, cores: 1)
Fri Jan 10 02:39:40 2020 - uWSGI worker 3 screams: UAAAAAAH my master disconnected: i will kill myself !!!
Fri Jan 10 02:39:40 2020 - uWSGI worker 4 screams: UAAAAAAH my master disconnected: i will kill myself !!!
Fri Jan 10 02:39:40 2020 - uWSGI worker 2 screams: UAAAAAAH my master disconnected: i will kill myself !!!
Fri Jan 10 02:39:40 2020 - uWSGI worker 1 screams: UAAAAAAH my master disconnected: i will kill myself !!!
